[debug] [2024-01-31T06:09:10.585Z] ----------------------------------------------------------------------
[debug] [2024-01-31T06:09:10.587Z] Command:       /Users/eitan/.nvm/versions/node/v21.6.1/bin/node /Users/eitan/.nvm/versions/node/v16.13.2/bin/firebase init
[debug] [2024-01-31T06:09:10.587Z] CLI Version:   13.1.0
[debug] [2024-01-31T06:09:10.588Z] Platform:      darwin
[debug] [2024-01-31T06:09:10.588Z] Node Version:  v21.6.1
[debug] [2024-01-31T06:09:10.588Z] Time:          Tue Jan 30 2024 23:09:10 GMT-0700 (Mountain Standard Time)
[debug] [2024-01-31T06:09:10.588Z] ----------------------------------------------------------------------
[debug] 
[debug] [2024-01-31T06:09:10.589Z] >>> [apiv2][query] GET https://firebase-public.firebaseio.com/cli.json [none]
[debug] [2024-01-31T06:09:10.647Z] > command requires scopes: ["email","openid","https://www.googleapis.com/auth/cloudplatformprojects.readonly","https://www.googleapis.com/auth/firebase","https://www.googleapis.com/auth/cloud-platform"]
[debug] [2024-01-31T06:09:10.647Z] > authorizing via signed-in user (eitanfire@gmail.com)
[info] 
     ######## #### ########  ######## ########     ###     ######  ########
     ##        ##  ##     ## ##       ##     ##  ##   ##  ##       ##
     ######    ##  ########  ######   ########  #########  ######  ######
     ##        ##  ##    ##  ##       ##     ## ##     ##       ## ##
     ##       #### ##     ## ######## ########  ##     ##  ######  ########

You're about to initialize a Firebase project in this directory:

  /Users/eitan/Desktop/👨🏻‍🏫 Class Website

Before we get started, keep in mind:

  * You are initializing within an existing Firebase project directory

[debug] [2024-01-31T06:09:10.770Z] <<< [apiv2][status] GET https://firebase-public.firebaseio.com/cli.json 200
[debug] [2024-01-31T06:09:10.770Z] <<< [apiv2][body] GET https://firebase-public.firebaseio.com/cli.json {"cloudBuildErrorAfter":1594252800000,"cloudBuildWarnAfter":1590019200000,"defaultNode10After":1594252800000,"minVersion":"3.0.5","node8DeploysDisabledAfter":1613390400000,"node8RuntimeDisabledAfter":1615809600000,"node8WarnAfter":1600128000000}
[info] 
=== Project Setup
[info] 
[info] First, let's associate this project directory with a Firebase project.
[info] You can create multiple project aliases by running firebase use --add, 
[info] but for now we'll just set up a default project.
[info] 
[debug] [2024-01-31T06:09:35.205Z] Using project from CLI flag: eitans-class-website
[debug] [2024-01-31T06:09:35.206Z] > refreshing access token with scopes: []
[debug] [2024-01-31T06:09:35.207Z] >>> [apiv2][query] POST https://www.googleapis.com/oauth2/v3/token [none]
[debug] [2024-01-31T06:09:35.207Z] >>> [apiv2][body] POST https://www.googleapis.com/oauth2/v3/token [omitted]
[debug] [2024-01-31T06:09:35.310Z] <<< [apiv2][status] POST https://www.googleapis.com/oauth2/v3/token 200
[debug] [2024-01-31T06:09:35.310Z] <<< [apiv2][body] POST https://www.googleapis.com/oauth2/v3/token [omitted]
[debug] [2024-01-31T06:09:35.320Z] >>> [apiv2][query] GET https://firebase.googleapis.com/v1beta1/projects/eitans-class-website [none]
[debug] [2024-01-31T06:09:35.462Z] <<< [apiv2][status] GET https://firebase.googleapis.com/v1beta1/projects/eitans-class-website 200
[debug] [2024-01-31T06:09:35.463Z] <<< [apiv2][body] GET https://firebase.googleapis.com/v1beta1/projects/eitans-class-website {"projectId":"eitans-class-website","projectNumber":"124971786797","displayName":"Class Website","name":"projects/eitans-class-website","resources":{"hostingSite":"eitans-class-website"},"state":"ACTIVE","etag":"1_c0afd6c3-be17-4b09-b19e-1453d128b8cc"}
[info] i  Using project eitans-class-website (Class Website) 
[info] 
=== Hosting Setup
[debug] [2024-01-31T06:09:35.473Z] >>> [apiv2][query] GET https://firebase.googleapis.com/v1beta1/projects/eitans-class-website [none]
[debug] [2024-01-31T06:09:35.545Z] <<< [apiv2][status] GET https://firebase.googleapis.com/v1beta1/projects/eitans-class-website 200
[debug] [2024-01-31T06:09:35.545Z] <<< [apiv2][body] GET https://firebase.googleapis.com/v1beta1/projects/eitans-class-website {"projectId":"eitans-class-website","projectNumber":"124971786797","displayName":"Class Website","name":"projects/eitans-class-website","resources":{"hostingSite":"eitans-class-website"},"state":"ACTIVE","etag":"1_c0afd6c3-be17-4b09-b19e-1453d128b8cc"}
[info] 
[info] Your public directory is the folder (relative to your project directory) that
[info] will contain Hosting assets to be uploaded with firebase deploy. If you
[info] have a build process for your assets, use your build's output directory.
[info] 
[debug] [2024-01-31T06:10:03.057Z] >>> [apiv2][query] GET https://www.gstatic.com/firebasejs/releases.json [none]
[debug] [2024-01-31T06:10:03.111Z] <<< [apiv2][status] GET https://www.gstatic.com/firebasejs/releases.json 200
[debug] [2024-01-31T06:10:03.111Z] <<< [apiv2][body] GET https://www.gstatic.com/firebasejs/releases.json {"current":{"version":"10.7.2","browserURL":"https://www.gstatic.com/firebasejs/10.7.2/firebase.js","packageURL":"https://www.gstatic.com/firebasejs/10.7.2/firebase.tgz"},"live":{"version":"10.7","browserURL":"https://www.gstatic.com/firebasejs/live/10.7/firebase.js","packageURL":"https://www.gstatic.com/firebasejs/live/10.7/firebase.tgz"},"components":{"analytics":"https://www.gstatic.com/firebasejs/10.7.2/firebase-analytics.js","app":"https://www.gstatic.com/firebasejs/10.7.2/firebase-app.js","app-check":"https://www.gstatic.com/firebasejs/10.7.2/firebase-app-check.js","auth":"https://www.gstatic.com/firebasejs/10.7.2/firebase-auth.js","auth/cordova":"https://www.gstatic.com/firebasejs/10.7.2/firebase-auth/cordova.js","functions":"https://www.gstatic.com/firebasejs/10.7.2/firebase-functions.js","firestore":"https://www.gstatic.com/firebasejs/10.7.2/firebase-firestore.js","firestore/lite":"https://www.gstatic.com/firebasejs/10.7.2/firebase-firestore/lite.js","installations":"https://www.gstatic.com/firebasejs/10.7.2/firebase-installations.js","storage":"https://www.gstatic.com/firebasejs/10.7.2/firebase-storage.js","performance":"https://www.gstatic.com/firebasejs/10.7.2/firebase-performance.js","remote-config":"https://www.gstatic.com/firebasejs/10.7.2/firebase-remote-config.js","messaging":"https://www.gstatic.com/firebasejs/10.7.2/firebase-messaging.js","messaging/sw":"https://www.gstatic.com/firebasejs/10.7.2/firebase-messaging/sw.js","database":"https://www.gstatic.com/firebasejs/10.7.2/firebase-database.js","firestore.memory":"https://www.gstatic.com/firebasejs/10.7.2/firebase-firestore.memory.js"}}
[info] i  Skipping write of build/index.html 
[info] 
[info] i  Detected a .git folder at /Users/eitan/Desktop/👨🏻‍🏫 Class Website 
[info] i  Authorizing with GitHub to upload your service account to a GitHub repository's secrets store. 
[info] 
[info] Visit this URL on this device to log in:
[info] https://github.com/login/oauth/authorize?client_id=89cf50f02ac6aaed3484&state=275309067&redirect_uri=http%3A%2F%2Flocalhost%3A9005&scope=read%3Auser%20repo%20public_repo
[info] 
[info] Waiting for authentication...
[debug] [2024-01-31T06:10:09.550Z] >>> [apiv2][query] POST https://github.com/login/oauth/access_token [none]
[debug] [2024-01-31T06:10:09.551Z] >>> [apiv2][body] POST https://github.com/login/oauth/access_token [stream]
[debug] [2024-01-31T06:10:09.790Z] <<< [apiv2][status] POST https://github.com/login/oauth/access_token 200
[debug] [2024-01-31T06:10:09.790Z] <<< [apiv2][body] POST https://github.com/login/oauth/access_token {"access_token":"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","token_type":"bearer","scope":"read:user,repo"}
[debug] [2024-01-31T06:10:09.801Z] >>> [apiv2][query] GET https://api.github.com/user [none]
[debug] [2024-01-31T06:10:10.044Z] <<< [apiv2][status] GET https://api.github.com/user 200
[debug] [2024-01-31T06:10:10.045Z] <<< [apiv2][body] GET https://api.github.com/user {"login":"eitanfire","id":12126071,"node_id":"MDQ6VXNlcjEyMTI2MDcx","avatar_url":"https://avatars.githubusercontent.com/u/12126071?v=4","gravatar_id":"","url":"https://api.github.com/users/eitanfire","html_url":"https://github.com/eitanfire","followers_url":"https://api.github.com/users/eitanfire/followers","following_url":"https://api.github.com/users/eitanfire/following{/other_user}","gists_url":"https://api.github.com/users/eitanfire/gists{/gist_id}","starred_url":"https://api.github.com/users/eitanfire/starred{/owner}{/repo}","subscriptions_url":"https://api.github.com/users/eitanfire/subscriptions","organizations_url":"https://api.github.com/users/eitanfire/orgs","repos_url":"https://api.github.com/users/eitanfire/repos","events_url":"https://api.github.com/users/eitanfire/events{/privacy}","received_events_url":"https://api.github.com/users/eitanfire/received_events","type":"User","site_admin":false,"name":"Eitan Fire","company":"September School","blog":"eitans.website","location":"Longmont, CO","email":"eitanfire@gmail.com","hireable":true,"bio":null,"twitter_username":null,"public_repos":24,"public_gists":0,"followers":8,"following":10,"created_at":"2015-04-26T18:15:46Z","updated_at":"2023-12-11T19:31:40Z","private_gists":0,"total_private_repos":13,"owned_private_repos":13,"disk_usage":1023873,"collaborators":0,"two_factor_authentication":false,"plan":{"name":"free","space":976562499,"collaborators":0,"private_repos":10000}}
[info] 
[info] ✔  Success! Logged into GitHub as eitanfire 
[info] 
[debug] [2024-01-31T06:23:53.565Z] >>> [apiv2][query] GET https://api.github.com/repos//actions/secrets/public-key type=owner
[debug] [2024-01-31T06:23:53.772Z] <<< [apiv2][status] GET https://api.github.com/repos//actions/secrets/public-key 404
[debug] [2024-01-31T06:23:53.772Z] <<< [apiv2][body] GET https://api.github.com/repos//actions/secrets/public-key {"message":"Not Found","documentation_url":"https://docs.github.com/rest"}
[info] 
[info] 
[error] ⚠  The provided authorization cannot be used with this repository. If this repository is in an organization, did you remember to grant access? 
[info] 
[info] i  Action required: Visit this URL to ensure access has been granted to the appropriate organization(s) for the Firebase CLI GitHub OAuth App: 
[info] https://github.com/settings/connections/applications/89cf50f02ac6aaed3484
[info] 
[debug] [2024-01-31T06:24:30.568Z] >>> [apiv2][query] GET https://api.github.com/repos//actions/secrets/public-key type=owner
[debug] [2024-01-31T06:24:30.910Z] <<< [apiv2][status] GET https://api.github.com/repos//actions/secrets/public-key 404
[debug] [2024-01-31T06:24:30.910Z] <<< [apiv2][body] GET https://api.github.com/repos//actions/secrets/public-key {"message":"Not Found","documentation_url":"https://docs.github.com/rest"}
[info] 
[info] 
[error] ⚠  The provided authorization cannot be used with this repository. If this repository is in an organization, did you remember to grant access? 
[info] 
[info] i  Action required: Visit this URL to ensure access has been granted to the appropriate organization(s) for the Firebase CLI GitHub OAuth App: 
[info] https://github.com/settings/connections/applications/89cf50f02ac6aaed3484
[info] 
[debug] [2024-01-31T06:24:31.059Z] >>> [apiv2][query] GET https://api.github.com/repos//actions/secrets/public-key type=owner
[debug] [2024-01-31T06:24:31.341Z] <<< [apiv2][status] GET https://api.github.com/repos//actions/secrets/public-key 404
[debug] [2024-01-31T06:24:31.341Z] <<< [apiv2][body] GET https://api.github.com/repos//actions/secrets/public-key {"message":"Not Found","documentation_url":"https://docs.github.com/rest"}
[info] 
[info] 
[error] ⚠  The provided authorization cannot be used with this repository. If this repository is in an organization, did you remember to grant access? 
[info] 
[info] i  Action required: Visit this URL to ensure access has been granted to the appropriate organization(s) for the Firebase CLI GitHub OAuth App: 
[info] https://github.com/settings/connections/applications/89cf50f02ac6aaed3484
[info] 
[debug] [2024-01-31T06:52:39.996Z] Error: read EIO
    at TTY.onStreamRead (node:internal/stream_base_commons:217:20)
